<?xml version="1.0" encoding="UTF-8"?>
<!-- Generated by org.testng.reporters.JUnitXMLReporter -->
<testsuite ignored="0" hostname="LAPTOP-CO2IIAOD" failures="0" tests="20" name="Test" time="116.464" errors="0" timestamp="2024-04-06T18:41:22 IST">
  <testcase classname="org.ictkerala.Test_ictakLearnerTrackerApp.TestClass_Admin" name="Adminlogin_1" time="3.353"/>
  <testcase classname="org.ictkerala.Test_ictakLearnerTrackerApp.TestClass_TrainerHeader" name="Trainloginvalid_1" time="4.931"/>
  <testcase classname="org.ictkerala.Test_ictakLearnerTrackerApp.TestClass_TrainerHeader" name="Trainloginvalid_2" time="2.055"/>
  <testcase classname="org.ictkerala.Test_ictakLearnerTrackerApp.TestClass_TrainerHeader" name="Trainloginvalid_3" time="1.646"/>
  <testcase classname="org.ictkerala.Test_ictakLearnerTrackerApp.TestClass_TrainerHeader" name="Trainloginvalid_4" time="2.588"/>
  <testcase classname="org.ictkerala.Test_ictakLearnerTrackerApp.TestClass_TrainerHeader" name="Trainlogvalid_1" time="1.197"/>
  <testcase classname="org.ictkerala.Test_ictakLearnerTrackerApp.TestClass_TrainerHeader" name="Learnerform_2" time="1.849"/>
  <testcase classname="org.ictkerala.Test_ictakLearnerTrackerApp.TestClass_TrainerHeader" name="Learnerform_4" time="3.232"/>
  <testcase classname="org.ictkerala.Test_ictakLearnerTrackerApp.TestClass_TrainerHeader" name="LearnerAdd_1" time="3.967"/>
  <testcase classname="org.ictkerala.Test_ictakLearnerTrackerApp.TestClass_TrainerHeader" name="Trainervali_1" time="5.227"/>
  <testcase classname="org.ictkerala.Test_ictakLearnerTrackerApp.TestClass_TrainerHeader" name="TrainerBulk_1" time="1.721"/>
  <testcase classname="org.ictkerala.Test_ictakLearnerTrackerApp.TestClass_TrainerHeader" name="TrainerBulk_4" time="1.406"/>
  <testcase classname="org.ictkerala.Test_ictakLearnerTrackerApp.TestClass_TrainerHeader" name="TrainerBulk_7" time="1.24"/>
  <testcase classname="org.ictkerala.Test_ictakLearnerTrackerApp.TestClass_PlacementOfficer" name="Pofficerloginvalid_1" time="5.903"/>
  <testcase classname="org.ictkerala.Test_ictakLearnerTrackerApp.TestClass_PlacementOfficer" name="Pofficerloginvalid_2" time="1.964"/>
  <testcase classname="org.ictkerala.Test_ictakLearnerTrackerApp.TestClass_PlacementOfficer" name="Pofficerloginvalid_3" time="1.87"/>
  <testcase classname="org.ictkerala.Test_ictakLearnerTrackerApp.TestClass_PlacementOfficer" name="Pofficerloginvalid_4" time="2.477"/>
  <testcase classname="org.ictkerala.Test_ictakLearnerTrackerApp.TestClass_PlacementOfficer" name="Pofficerlogvalid_1" time="0.803"/>
  <testcase classname="org.ictkerala.Test_ictakLearnerTrackerApp.TestClass_PlacementOfficer" name="PofficerUpdate_1" time="5.341"/>
  <testcase classname="org.ictkerala.Test_ictakLearnerTrackerApp.TestClass_PlacementOfficer" name="PofficerUpdate_4" time="2.478"/>
</testsuite> <!-- Test -->
