<?xml version="1.0" encoding="UTF-8"?>
<testng-results ignored="0" total="20" passed="20" failed="0" skipped="0">
  <reporter-output>
  </reporter-output>
  <suite started-at="2024-04-06T18:39:26 IST" name="Suite" finished-at="2024-04-06T18:41:22 IST" duration-ms="116464">
    <groups>
    </groups>
    <test started-at="2024-04-06T18:39:26 IST" name="Test" finished-at="2024-04-06T18:41:22 IST" duration-ms="116464">
      <class name="org.ictkerala.Test_ictakLearnerTrackerApp.TestClass_TrainerHeader">
        <test-method is-config="true" signature="testmain()[pri:0, instance:org.ictkerala.Test_ictakLearnerTrackerApp.TestClass_TrainerHeader@f09733f]" started-at="2024-04-06T18:39:58 IST" name="testmain" finished-at="2024-04-06T18:40:16 IST" duration-ms="18455" status="PASS">
          <reporter-output>
          </reporter-output>
        </test-method> <!-- testmain -->
        <test-method signature="Trainloginvalid_1()[pri:1, instance:org.ictkerala.Test_ictakLearnerTrackerApp.TestClass_TrainerHeader@f09733f]" started-at="2024-04-06T18:40:16 IST" name="Trainloginvalid_1" finished-at="2024-04-06T18:40:21 IST" duration-ms="4931" status="PASS">
          <reporter-output>
          </reporter-output>
        </test-method> <!-- Trainloginvalid_1 -->
        <test-method signature="Trainloginvalid_2()[pri:2, instance:org.ictkerala.Test_ictakLearnerTrackerApp.TestClass_TrainerHeader@f09733f]" started-at="2024-04-06T18:40:21 IST" name="Trainloginvalid_2" finished-at="2024-04-06T18:40:23 IST" duration-ms="2055" status="PASS">
          <reporter-output>
          </reporter-output>
        </test-method> <!-- Trainloginvalid_2 -->
        <test-method signature="Trainloginvalid_3()[pri:3, instance:org.ictkerala.Test_ictakLearnerTrackerApp.TestClass_TrainerHeader@f09733f]" started-at="2024-04-06T18:40:23 IST" name="Trainloginvalid_3" finished-at="2024-04-06T18:40:25 IST" duration-ms="1646" status="PASS">
          <reporter-output>
          </reporter-output>
        </test-method> <!-- Trainloginvalid_3 -->
        <test-method signature="Trainloginvalid_4()[pri:4, instance:org.ictkerala.Test_ictakLearnerTrackerApp.TestClass_TrainerHeader@f09733f]" started-at="2024-04-06T18:40:25 IST" name="Trainloginvalid_4" finished-at="2024-04-06T18:40:28 IST" duration-ms="2588" status="PASS">
          <reporter-output>
          </reporter-output>
        </test-method> <!-- Trainloginvalid_4 -->
        <test-method signature="Trainlogvalid_1()[pri:5, instance:org.ictkerala.Test_ictakLearnerTrackerApp.TestClass_TrainerHeader@f09733f]" started-at="2024-04-06T18:40:28 IST" name="Trainlogvalid_1" finished-at="2024-04-06T18:40:29 IST" duration-ms="1197" status="PASS">
          <reporter-output>
          </reporter-output>
        </test-method> <!-- Trainlogvalid_1 -->
        <test-method signature="Learnerform_2()[pri:7, instance:org.ictkerala.Test_ictakLearnerTrackerApp.TestClass_TrainerHeader@f09733f]" started-at="2024-04-06T18:40:29 IST" name="Learnerform_2" finished-at="2024-04-06T18:40:31 IST" duration-ms="1849" status="PASS">
          <reporter-output>
          </reporter-output>
        </test-method> <!-- Learnerform_2 -->
        <test-method signature="Learnerform_4()[pri:9, instance:org.ictkerala.Test_ictakLearnerTrackerApp.TestClass_TrainerHeader@f09733f]" started-at="2024-04-06T18:40:31 IST" name="Learnerform_4" finished-at="2024-04-06T18:40:34 IST" duration-ms="3232" status="PASS">
          <reporter-output>
          </reporter-output>
        </test-method> <!-- Learnerform_4 -->
        <test-method signature="LearnerAdd_1()[pri:10, instance:org.ictkerala.Test_ictakLearnerTrackerApp.TestClass_TrainerHeader@f09733f]" started-at="2024-04-06T18:40:34 IST" name="LearnerAdd_1" finished-at="2024-04-06T18:40:38 IST" duration-ms="3967" status="PASS">
          <reporter-output>
          </reporter-output>
        </test-method> <!-- LearnerAdd_1 -->
        <test-method signature="Trainervali_1()[pri:11, instance:org.ictkerala.Test_ictakLearnerTrackerApp.TestClass_TrainerHeader@f09733f]" started-at="2024-04-06T18:40:38 IST" name="Trainervali_1" finished-at="2024-04-06T18:40:43 IST" duration-ms="5227" status="PASS">
          <reporter-output>
          </reporter-output>
        </test-method> <!-- Trainervali_1 -->
        <test-method signature="TrainerBulk_1()[pri:12, instance:org.ictkerala.Test_ictakLearnerTrackerApp.TestClass_TrainerHeader@f09733f]" started-at="2024-04-06T18:40:43 IST" name="TrainerBulk_1" finished-at="2024-04-06T18:40:45 IST" duration-ms="1721" status="PASS">
          <reporter-output>
          </reporter-output>
        </test-method> <!-- TrainerBulk_1 -->
        <test-method signature="TrainerBulk_4()[pri:13, instance:org.ictkerala.Test_ictakLearnerTrackerApp.TestClass_TrainerHeader@f09733f]" started-at="2024-04-06T18:40:45 IST" name="TrainerBulk_4" finished-at="2024-04-06T18:40:46 IST" duration-ms="1406" status="PASS">
          <reporter-output>
          </reporter-output>
        </test-method> <!-- TrainerBulk_4 -->
        <test-method signature="TrainerBulk_7()[pri:14, instance:org.ictkerala.Test_ictakLearnerTrackerApp.TestClass_TrainerHeader@f09733f]" started-at="2024-04-06T18:40:46 IST" name="TrainerBulk_7" finished-at="2024-04-06T18:40:47 IST" duration-ms="1240" status="PASS">
          <reporter-output>
          </reporter-output>
        </test-method> <!-- TrainerBulk_7 -->
      </class> <!-- org.ictkerala.Test_ictakLearnerTrackerApp.TestClass_TrainerHeader -->
      <class name="org.ictkerala.Test_ictakLearnerTrackerApp.TestClass_Admin">
        <test-method is-config="true" signature="testmain()[pri:0, instance:org.ictkerala.Test_ictakLearnerTrackerApp.TestClass_Admin@18df8434]" started-at="2024-04-06T18:39:26 IST" name="testmain" finished-at="2024-04-06T18:39:54 IST" duration-ms="28830" status="PASS">
          <reporter-output>
          </reporter-output>
        </test-method> <!-- testmain -->
        <test-method signature="Adminlogin_1()[pri:1, instance:org.ictkerala.Test_ictakLearnerTrackerApp.TestClass_Admin@18df8434]" started-at="2024-04-06T18:39:54 IST" name="Adminlogin_1" finished-at="2024-04-06T18:39:58 IST" duration-ms="3353" status="PASS">
          <reporter-output>
          </reporter-output>
        </test-method> <!-- Adminlogin_1 -->
      </class> <!-- org.ictkerala.Test_ictakLearnerTrackerApp.TestClass_Admin -->
      <class name="org.ictkerala.Test_ictakLearnerTrackerApp.TestClass_PlacementOfficer">
        <test-method is-config="true" signature="testmain()[pri:0, instance:org.ictkerala.Test_ictakLearnerTrackerApp.TestClass_PlacementOfficer@e350b40]" started-at="2024-04-06T18:40:47 IST" name="testmain" finished-at="2024-04-06T18:41:01 IST" duration-ms="13738" status="PASS">
          <reporter-output>
          </reporter-output>
        </test-method> <!-- testmain -->
        <test-method signature="Pofficerloginvalid_1()[pri:1, instance:org.ictkerala.Test_ictakLearnerTrackerApp.TestClass_PlacementOfficer@e350b40]" started-at="2024-04-06T18:41:01 IST" name="Pofficerloginvalid_1" finished-at="2024-04-06T18:41:07 IST" duration-ms="5903" status="PASS">
          <reporter-output>
          </reporter-output>
        </test-method> <!-- Pofficerloginvalid_1 -->
        <test-method signature="Pofficerloginvalid_2()[pri:2, instance:org.ictkerala.Test_ictakLearnerTrackerApp.TestClass_PlacementOfficer@e350b40]" started-at="2024-04-06T18:41:07 IST" name="Pofficerloginvalid_2" finished-at="2024-04-06T18:41:09 IST" duration-ms="1964" status="PASS">
          <reporter-output>
          </reporter-output>
        </test-method> <!-- Pofficerloginvalid_2 -->
        <test-method signature="Pofficerloginvalid_3()[pri:3, instance:org.ictkerala.Test_ictakLearnerTrackerApp.TestClass_PlacementOfficer@e350b40]" started-at="2024-04-06T18:41:09 IST" name="Pofficerloginvalid_3" finished-at="2024-04-06T18:41:11 IST" duration-ms="1870" status="PASS">
          <reporter-output>
          </reporter-output>
        </test-method> <!-- Pofficerloginvalid_3 -->
        <test-method signature="Pofficerloginvalid_4()[pri:4, instance:org.ictkerala.Test_ictakLearnerTrackerApp.TestClass_PlacementOfficer@e350b40]" started-at="2024-04-06T18:41:11 IST" name="Pofficerloginvalid_4" finished-at="2024-04-06T18:41:13 IST" duration-ms="2477" status="PASS">
          <reporter-output>
          </reporter-output>
        </test-method> <!-- Pofficerloginvalid_4 -->
        <test-method signature="Pofficerlogvalid_1()[pri:5, instance:org.ictkerala.Test_ictakLearnerTrackerApp.TestClass_PlacementOfficer@e350b40]" started-at="2024-04-06T18:41:13 IST" name="Pofficerlogvalid_1" finished-at="2024-04-06T18:41:14 IST" duration-ms="803" status="PASS">
          <reporter-output>
          </reporter-output>
        </test-method> <!-- Pofficerlogvalid_1 -->
        <test-method signature="PofficerUpdate_1()[pri:6, instance:org.ictkerala.Test_ictakLearnerTrackerApp.TestClass_PlacementOfficer@e350b40]" started-at="2024-04-06T18:41:14 IST" name="PofficerUpdate_1" finished-at="2024-04-06T18:41:19 IST" duration-ms="5341" status="PASS">
          <reporter-output>
          </reporter-output>
        </test-method> <!-- PofficerUpdate_1 -->
        <test-method signature="PofficerUpdate_4()[pri:7, instance:org.ictkerala.Test_ictakLearnerTrackerApp.TestClass_PlacementOfficer@e350b40]" started-at="2024-04-06T18:41:19 IST" name="PofficerUpdate_4" finished-at="2024-04-06T18:41:22 IST" duration-ms="2478" status="PASS">
          <reporter-output>
          </reporter-output>
        </test-method> <!-- PofficerUpdate_4 -->
      </class> <!-- org.ictkerala.Test_ictakLearnerTrackerApp.TestClass_PlacementOfficer -->
    </test> <!-- Test -->
  </suite> <!-- Suite -->
</testng-results>
